This is pdfTeXk, Version 3.141592-1.40.3 (Web2C 7.5.6) (format=pdflatex 2012.5.16)  18 NOV 2014 14:19
entering extended mode
 %&-line parsing enabled.
**exam
(./exam.tex
LaTeX2e <2005/12/01>
Babel <v3.8h> and hyphenation patterns for english, usenglishmax, dumylang, noh
yphenation, arabic, basque, bulgarian, coptic, welsh, czech, slovak, german, ng
erman, danish, esperanto, spanish, catalan, galician, estonian, farsi, finnish,
 french, greek, monogreek, ancientgreek, croatian, hungarian, interlingua, ibyc
us, indonesian, icelandic, italian, latin, mongolian, dutch, norsk, polish, por
tuguese, pinyin, romanian, russian, slovenian, uppersorbian, serbian, swedish, 
turkish, ukenglish, ukrainian, loaded.
(/usr/share/texmf/tex/latex/base/article.cls
Document Class: article 2005/09/16 v1.4f Standard LaTeX document class
(/usr/share/texmf/tex/latex/base/size12.clo
File: size12.clo 2005/09/16 v1.4f Standard LaTeX file (size option)
)
\c@part=\count79
\c@section=\count80
\c@subsection=\count81
\c@subsubsection=\count82
\c@paragraph=\count83
\c@subparagraph=\count84
\c@figure=\count85
\c@table=\count86
\abovecaptionskip=\skip41
\belowcaptionskip=\skip42
\bibindent=\dimen102
)
(/usr/share/texmf/tex/latex/listings/listings.sty
(/usr/share/texmf/tex/latex/graphics/keyval.sty
Package: keyval 1999/03/16 v1.13 key=value parser (DPC)
\KV@toks@=\toks14
)
\lst@mode=\count87
\lst@gtempboxa=\box26
\lst@token=\toks15
\lst@length=\count88
\lst@currlwidth=\dimen103
\lst@column=\count89
\lst@pos=\count90
\lst@lostspace=\dimen104
\lst@width=\dimen105
\lst@newlines=\count91
\lst@lineno=\count92
\c@lstlisting=\count93
\lst@maxwidth=\dimen106

(/usr/share/texmf/tex/latex/listings/lstpatch.sty
File: lstpatch.sty 2004/10/17 1.3b (Carsten Heinz)
)
(/usr/share/texmf/tex/latex/listings/lstmisc.sty
File: lstmisc.sty 2004/09/07 1.3 (Carsten Heinz)
\c@lstnumber=\count94
\lst@skipnumbers=\count95
\lst@framebox=\box27
)
(/usr/share/texmf/tex/latex/listings/listings.cfg
File: listings.cfg 2004/09/05 1.3 listings configuration
))
Package: listings 2004/10/17 1.3b (Carsten Heinz)

(/usr/share/texmf/tex/latex/amsmath/amsmath.sty
Package: amsmath 2000/07/18 v2.13 AMS math features
\@mathmargin=\skip43

For additional information on amsmath, use the `?' option.
(/usr/share/texmf/tex/latex/amsmath/amstext.sty
Package: amstext 2000/06/29 v2.01

(/usr/share/texmf/tex/latex/amsmath/amsgen.sty
File: amsgen.sty 1999/11/30 v2.0
\@emptytoks=\toks16
\ex@=\dimen107
))
(/usr/share/texmf/tex/latex/amsmath/amsbsy.sty
Package: amsbsy 1999/11/29 v1.2d
\pmbraise@=\dimen108
)
(/usr/share/texmf/tex/latex/amsmath/amsopn.sty
Package: amsopn 1999/12/14 v2.01 operator names
)
\inf@bad=\count96
LaTeX Info: Redefining \frac on input line 211.
\uproot@=\count97
\leftroot@=\count98
LaTeX Info: Redefining \overline on input line 307.
\classnum@=\count99
\DOTSCASE@=\count100
LaTeX Info: Redefining \ldots on input line 379.
LaTeX Info: Redefining \dots on input line 382.
LaTeX Info: Redefining \cdots on input line 467.
\Mathstrutbox@=\box28
\strutbox@=\box29
\big@size=\dimen109
LaTeX Font Info:    Redeclaring font encoding OML on input line 567.
LaTeX Font Info:    Redeclaring font encoding OMS on input line 568.
\macc@depth=\count101
\c@MaxMatrixCols=\count102
\dotsspace@=\muskip10
\c@parentequation=\count103
\dspbrk@lvl=\count104
\tag@help=\toks17
\row@=\count105
\column@=\count106
\maxfields@=\count107
\andhelp@=\toks18
\eqnshift@=\dimen110
\alignsep@=\dimen111
\tagshift@=\dimen112
\tagwidth@=\dimen113
\totwidth@=\dimen114
\lineht@=\dimen115
\@envbody=\toks19
\multlinegap=\skip44
\multlinetaggap=\skip45
\mathdisplay@stack=\toks20
LaTeX Info: Redefining \[ on input line 2666.
LaTeX Info: Redefining \] on input line 2667.
)
(/usr/share/texmf/tex/latex/preprint/fullpage.sty
Package: fullpage 1999/02/23 1.1 (PWD)
\FP@margin=\skip46
)
(/usr/share/texmf/tex/latex/tools/tabularx.sty
Package: tabularx 1999/01/07 v2.07 `tabularx' package (DPC)

(/usr/share/texmf/tex/latex/tools/array.sty
Package: array 2005/08/23 v2.4b Tabular extension package (FMi)
\col@sep=\dimen116
\extrarowheight=\dimen117
\NC@list=\toks21
\extratabsurround=\skip47
\backup@length=\skip48
)
\TX@col@width=\dimen118
\TX@old@table=\dimen119
\TX@old@col=\dimen120
\TX@target=\dimen121
\TX@delta=\dimen122
\TX@cols=\count108
\TX@ftn=\toks22
)
(/usr/share/texmf/tex/latex/graphics/graphicx.sty
Package: graphicx 1999/02/16 v1.0f Enhanced LaTeX Graphics (DPC,SPQR)

(/usr/share/texmf/tex/latex/graphics/graphics.sty
Package: graphics 2006/02/20 v1.0o Standard LaTeX Graphics (DPC,SPQR)

(/usr/share/texmf/tex/latex/graphics/trig.sty
Package: trig 1999/03/16 v1.09 sin cos tan (DPC)
)
(/usr/share/texmf/tex/latex/config/graphics.cfg
File: graphics.cfg 2007/01/18 v1.5 graphics configuration of teTeX/TeXLive
)
Package graphics Info: Driver file: pdftex.def on input line 90.

(/usr/share/texmf/tex/latex/pdftex-def/pdftex.def
File: pdftex.def 2007/01/08 v0.04d Graphics/color for pdfTeX
\Gread@gobject=\count109
))
\Gin@req@height=\dimen123
\Gin@req@width=\dimen124
)
(/usr/share/texmf/tex/latex/tools/multicol.sty
Package: multicol 2006/05/18 v1.6g multicolumn formatting (FMi)
\c@tracingmulticols=\count110
\mult@box=\box30
\multicol@leftmargin=\dimen125
\c@unbalance=\count111
\c@collectmore=\count112
\doublecol@number=\count113
\multicoltolerance=\count114
\multicolpretolerance=\count115
\full@width=\dimen126
\page@free=\dimen127
\premulticols=\dimen128
\postmulticols=\dimen129
\multicolsep=\skip49
\multicolbaselineskip=\skip50
\partial@page=\box31
\last@line=\box32
\mult@rightbox=\box33
\mult@grightbox=\box34
\mult@gfirstbox=\box35
\mult@firstbox=\box36
\@tempa=\box37
\@tempa=\box38
\@tempa=\box39
\@tempa=\box40
\@tempa=\box41
\@tempa=\box42
\@tempa=\box43
\@tempa=\box44
\@tempa=\box45
\@tempa=\box46
\@tempa=\box47
\@tempa=\box48
\@tempa=\box49
\@tempa=\box50
\@tempa=\box51
\@tempa=\box52
\@tempa=\box53
\c@columnbadness=\count116
\c@finalcolumnbadness=\count117
\last@try=\dimen130
\multicolovershoot=\dimen131
\multicolundershoot=\dimen132
\mult@nat@firstbox=\box54
\colbreak@box=\box55
) (./exam.aux)
\openout1 = `exam.aux'.

LaTeX Font Info:    Checking defaults for OML/cmm/m/it on input line 10.
LaTeX Font Info:    ... okay on input line 10.
LaTeX Font Info:    Checking defaults for T1/cmr/m/n on input line 10.
LaTeX Font Info:    ... okay on input line 10.
LaTeX Font Info:    Checking defaults for OT1/cmr/m/n on input line 10.
LaTeX Font Info:    ... okay on input line 10.
LaTeX Font Info:    Checking defaults for OMS/cmsy/m/n on input line 10.
LaTeX Font Info:    ... okay on input line 10.
LaTeX Font Info:    Checking defaults for OMX/cmex/m/n on input line 10.
LaTeX Font Info:    ... okay on input line 10.
LaTeX Font Info:    Checking defaults for U/cmr/m/n on input line 10.
LaTeX Font Info:    ... okay on input line 10.

Underfull \hbox (badness 10000) in paragraph at lines 21--21
[]|\OT1/cmss/m/n/12 object to
 []


Underfull \hbox (badness 10000) in paragraph at lines 21--21
[]|\OT1/cmss/m/n/12 parameter
 []


Underfull \hbox (badness 10000) in paragraph at lines 21--21
[]|\OT1/cmss/m/n/12 fixed, para-
 []


Overfull \hbox (15.64803pt too wide) in paragraph at lines 83--84
[]$\OT1/cmr/m/n/12 (\OML/cmm/m/it/12 w[]; c[]\OT1/cmr/m/n/12 )\OML/cmm/m/it/12 
; \OT1/cmr/m/n/12 (\OML/cmm/m/it/12 w[]; c[]\OT1/cmr/m/n/12 )\OML/cmm/m/it/12 :
::\OT1/cmr/m/n/12 (\OML/cmm/m/it/12 w[]; c[]\OT1/cmr/m/n/12 )$ 
 []

[1

{/usr/share/texmf/fonts/map/pdftex/updmap/pdftex.map}]
Overfull \hbox (16.40163pt too wide) in paragraph at lines 109--114
[]$\OML/cmm/m/it/12 ^^\ \OT1/cmr/m/n/12 = []$ 
 []


Overfull \hbox (5.23573pt too wide) in paragraph at lines 120--121
[]$\OML/cmm/m/it/12 w \OT1/cmr/m/n/12 = [][] \OML/cmm/m/it/12 []y[]x[]$ 
 []


Overfull \hbox (11.64085pt too wide) in paragraph at lines 164--165
[]$\OML/cmm/m/it/12 f\OT1/cmr/m/n/12 (\OML/cmm/m/it/12 x\OT1/cmr/m/n/12 ) = [][
] \OML/cmm/m/it/12 []y[]K\OT1/cmr/m/n/12 (\OML/cmm/m/it/12 x[]; x\OT1/cmr/m/n/
12 ) +
 []


Overfull \hbox (31.36946pt too wide) in paragraph at lines 166--172
[]$\OML/cmm/m/it/12 k \OT1/cmr/m/n/12 = []$ 
 []

[2]
Overfull \hbox (62.68292pt too wide) in paragraph at lines 183--183
[] 
 []


Overfull \hbox (6.75749pt too wide) in paragraph at lines 242--242
[] 
 []

[3] [4]
LaTeX Font Info:    Try loading font information for OMS+cmss on input line 269
.
LaTeX Font Info:    No file OMScmss.fd. on input line 269.


LaTeX Font Warning: Font shape `OMS/cmss/m/n' undefined
(Font)              using `OMS/cmsy/m/n' instead
(Font)              for symbol `textbraceleft' on input line 269.


Overfull \hbox (3.68356pt too wide) in paragraph at lines 294--294
[]|\OT1/cmss/m/n/12 0.1022| 
 []


Overfull \hbox (3.68356pt too wide) in paragraph at lines 294--294
[]|\OT1/cmss/m/n/12 0.0031| 
 []


Overfull \hbox (3.68356pt too wide) in paragraph at lines 294--294
[]|\OT1/cmss/m/n/12 0.0250| 
 []


Overfull \hbox (3.68356pt too wide) in paragraph at lines 294--294
[]|\OT1/cmss/m/n/12 0.0149| 
 []


Overfull \hbox (3.68356pt too wide) in paragraph at lines 294--294
[]|\OT1/cmss/m/n/12 0.1518| 
 []


Overfull \hbox (3.68356pt too wide) in paragraph at lines 294--294
[]|\OT1/cmss/m/n/12 0.0481| 
 []


Overfull \hbox (16.22868pt too wide) in paragraph at lines 303--304
[]
 []


Underfull \hbox (badness 10000) in paragraph at lines 304--305
[]
 []

[5]
Underfull \hbox (badness 10000) in paragraph at lines 308--308
[]\OT1/cmss/bx/n/17.28 Probability clas-si-fier
 []


LaTeX Warning: Citation `jordan2002discriminative' on page 6 undefined on input
 line 309.


Overfull \hbox (17.4016pt too wide) in paragraph at lines 332--332
[] 
 []


Underfull \hbox (badness 10000) in paragraph at lines 339--340
[]$\OML/cmm/m/it/12 p\OT1/cmr/m/n/12 (\OML/cmm/m/it/12 y \OT1/cmr/m/n/12 = 1\OM
S/cmss/m/n/12 j\OML/cmm/m/it/12 x\OT1/cmr/m/n/12 ) =
 []


Overfull \hbox (50.88219pt too wide) in paragraph at lines 341--342
[]
 []


Underfull \hbox (badness 10000) in paragraph at lines 344--346
[]\OT1/cmss/m/n/12 while(not
 []

[6]
Underfull \hbox (badness 6592) in paragraph at lines 351--351
[]\OT1/cmss/bx/n/17.28 multiclass lo-gis-tic re-
 []


Overfull \hbox (20.27075pt too wide) in paragraph at lines 378--378
[] 
 []


Overfull \hbox (12.52586pt too wide) in paragraph at lines 394--394
[] 
 []

[7] (./exam.aux)

LaTeX Font Warning: Some font shapes were not available, defaults substituted.


LaTeX Warning: There were undefined references.

 ) 
Here is how much of TeX's memory you used:
 2559 strings out of 256216
 33257 string characters out of 1917072
 106099 words of memory out of 1500000
 5850 multiletter control sequences out of 10000+200000
 8852 words of font info for 32 fonts, out of 1200000 for 2000
 645 hyphenation exceptions out of 8191
 27i,14n,32p,831b,970s stack positions out of 5000i,500n,6000p,200000b,15000s
</usr/share/texmf/fonts/type1/bluesky/cm/cmex10.pfb></usr/share/texmf/fonts/t
ype1/bluesky/cm/cmmi12.pfb></usr/share/texmf/fonts/type1/bluesky/cm/cmmi6.pfb><
/usr/share/texmf/fonts/type1/bluesky/cm/cmmi8.pfb></usr/share/texmf/fonts/type1
/bluesky/cm/cmr12.pfb></usr/share/texmf/fonts/type1/bluesky/cm/cmr6.pfb></usr/s
hare/texmf/fonts/type1/bluesky/cm/cmr8.pfb></usr/share/texmf/fonts/type1/bluesk
y/cm/cmss12.pfb></usr/share/texmf/fonts/type1/bluesky/cm/cmssbx10.pfb></usr/sha
re/texmf/fonts/type1/bluesky/cm/cmsy10.pfb></usr/share/texmf/fonts/type1/bluesk
y/cm/cmsy6.pfb></usr/share/texmf/fonts/type1/bluesky/cm/cmsy8.pfb></usr/share/t
exmf/fonts/type1/public/cmex/fmex8.pfb>
Output written on exam.pdf (7 pages, 99569 bytes).
PDF statistics:
 78 PDF objects out of 1000 (max. 8388607)
 0 named destinations out of 1000 (max. 131072)
 1 words of extra memory for PDF output out of 10000 (max. 10000000)

